# JRE version: OpenJDK Runtime Environment Temurin-17.0.13+11 (17.0.13+11) (build 17.0.13+11)
# Java VM: OpenJDK 64-Bit Server VM Temurin-17.0.13+11 (17.0.13+11, mixed mode, sharing, tiered, compressed oops, compressed class ptrs, g1 gc, windows-amd64)
GC Precious Log:
 CPUs: 8 total, 8 available
 Memory: 7986M
 Large Page Support: Disabled
 NUMA Support: Disabled
 Compressed Oops: Enabled (32-bit)
 Heap Region Size: 1M
 Heap Min Capacity: 8M
 Heap Initial Capacity: 126M
 Heap Max Capacity: 1998M
 Pre-touch: Disabled
 Parallel Workers: 8
 Concurrent Workers: 2
 Concurrent Refinement Workers: 8
 Periodic GC: Disabled
Heap:
 garbage-first heap   total 68608K, used 50040K [0x0000000083200000, 0x0000000100000000)
  region size 1024K, 26 young (26624K), 2 survivors (2048K)
 Metaspace       used 41054K, committed 41536K, reserved 1114112K
  class space    used 4888K, committed 5120K, reserved 1048576K
GC Heap History (20 events):
Event: 1.796 GC heap before
{Heap before GC invocations=1 (full 0):
 garbage-first heap   total 129024K, used 34129K [0x0000000083200000, 0x0000000100000000)
  region size 1024K, 32 young (32768K), 3 survivors (3072K)
 Metaspace       used 11412K, committed 11648K, reserved 1114112K
  class space    used 1416K, committed 1536K, reserved 1048576K
}
Event: 1.801 GC heap after
{Heap after GC invocations=2 (full 0):
 garbage-first heap   total 129024K, used 7465K [0x0000000083200000, 0x0000000100000000)
  region size 1024K, 2 young (2048K), 2 survivors (2048K)
 Metaspace       used 11412K, committed 11648K, reserved 1114112K
  class space    used 1416K, committed 1536K, reserved 1048576K
}
Event: 4.270 GC heap before
{Heap before GC invocations=2 (full 0):
 garbage-first heap   total 129024K, used 74025K [0x0000000083200000, 0x0000000100000000)
  region size 1024K, 68 young (69632K), 2 survivors (2048K)
 Metaspace       used 21238K, committed 21504K, reserved 1114112K
  class space    used 2651K, committed 2752K, reserved 1048576K
}
Event: 4.281 GC heap after
{Heap after GC invocations=3 (full 0):
 garbage-first heap   total 129024K, used 12672K [0x0000000083200000, 0x0000000100000000)
  region size 1024K, 7 young (7168K), 7 survivors (7168K)
 Metaspace       used 21238K, committed 21504K, reserved 1114112K
  class space    used 2651K, committed 2752K, reserved 1048576K
}
Event: 4.980 GC heap before
{Heap before GC invocations=4 (full 0):
 garbage-first heap   total 48128K, used 34176K [0x0000000083200000, 0x0000000100000000)
  region size 1024K, 28 young (28672K), 7 survivors (7168K)
 Metaspace       used 25194K, committed 25600K, reserved 1114112K
  class space    used 3212K, committed 3392K, reserved 1048576K
}
Event: 4.989 GC heap after
{Heap after GC invocations=5 (full 0):
 garbage-first heap   total 48128K, used 14486K [0x0000000083200000, 0x0000000100000000)
  region size 1024K, 3 young (3072K), 3 survivors (3072K)
 Metaspace       used 25194K, committed 25600K, reserved 1114112K
  class space    used 3212K, committed 3392K, reserved 1048576K
}
Event: 5.012 GC heap before
{Heap before GC invocations=5 (full 0):
 garbage-first heap   total 48128K, used 15510K [0x0000000083200000, 0x0000000100000000)
  region size 1024K, 4 young (4096K), 3 survivors (3072K)
 Metaspace       used 25406K, committed 25792K, reserved 1114112K
  class space    used 3226K, committed 3392K, reserved 1048576K
}
Event: 5.016 GC heap after
{Heap after GC invocations=6 (full 0):
 garbage-first heap   total 48128K, used 15156K [0x0000000083200000, 0x0000000100000000)
  region size 1024K, 1 young (1024K), 1 survivors (1024K)
 Metaspace       used 25406K, committed 25792K, reserved 1114112K
  class space    used 3226K, committed 3392K, reserved 1048576K
}
Event: 5.274 GC heap before
{Heap before GC invocations=6 (full 0):
 garbage-first heap   total 48128K, used 39732K [0x0000000083200000, 0x0000000100000000)
  region size 1024K, 20 young (20480K), 1 survivors (1024K)
 Metaspace       used 27191K, committed 27584K, reserved 1114112K
  class space    used 3404K, committed 3584K, reserved 1048576K
}
Event: 5.278 GC heap after
{Heap after GC invocations=7 (full 0):
 garbage-first heap   total 48128K, used 19283K [0x0000000083200000, 0x0000000100000000)
  region size 1024K, 3 young (3072K), 3 survivors (3072K)
 Metaspace       used 27191K, committed 27584K, reserved 1114112K
  class space    used 3404K, committed 3584K, reserved 1048576K
}
Event: 5.697 GC heap before
{Heap before GC invocations=7 (full 0):
 garbage-first heap   total 48128K, used 35667K [0x0000000083200000, 0x0000000100000000)
  region size 1024K, 18 young (18432K), 3 survivors (3072K)
 Metaspace       used 29081K, committed 29504K, reserved 1114112K
  class space    used 3654K, committed 3840K, reserved 1048576K
}
Event: 5.702 GC heap after
{Heap after GC invocations=8 (full 0):
 garbage-first heap   total 68608K, used 19883K [0x0000000083200000, 0x0000000100000000)
  region size 1024K, 2 young (2048K), 2 survivors (2048K)
 Metaspace       used 29081K, committed 29504K, reserved 1114112K
  class space    used 3654K, committed 3840K, reserved 1048576K
}
Event: 6.532 GC heap before
{Heap before GC invocations=8 (full 0):
 garbage-first heap   total 68608K, used 50603K [0x0000000083200000, 0x0000000100000000)
  region size 1024K, 32 young (32768K), 2 survivors (2048K)
 Metaspace       used 33571K, committed 33984K, reserved 1114112K
  class space    used 4036K, committed 4224K, reserved 1048576K
}
Event: 6.537 GC heap after
{Heap after GC invocations=9 (full 0):
 garbage-first heap   total 68608K, used 23308K [0x0000000083200000, 0x0000000100000000)
  region size 1024K, 4 young (4096K), 4 survivors (4096K)
 Metaspace       used 33571K, committed 33984K, reserved 1114112K
  class space    used 4036K, committed 4224K, reserved 1048576K
}
Event: 7.127 GC heap before
{Heap before GC invocations=9 (full 0):
 garbage-first heap   total 68608K, used 38668K [0x0000000083200000, 0x0000000100000000)
  region size 1024K, 20 young (20480K), 4 survivors (4096K)
 Metaspace       used 35673K, committed 36096K, reserved 1114112K
  class space    used 4329K, committed 4544K, reserved 1048576K
}
Event: 7.133 GC heap after
{Heap after GC invocations=10 (full 0):
 garbage-first heap   total 68608K, used 25324K [0x0000000083200000, 0x0000000100000000)
  region size 1024K, 2 young (2048K), 2 survivors (2048K)
 Metaspace       used 35673K, committed 36096K, reserved 1114112K
  class space    used 4329K, committed 4544K, reserved 1048576K
}
Event: 38.072 GC heap before
{Heap before GC invocations=11 (full 0):
 garbage-first heap   total 68608K, used 50924K [0x0000000083200000, 0x0000000100000000)
  region size 1024K, 27 young (27648K), 2 survivors (2048K)
 Metaspace       used 36438K, committed 36928K, reserved 1114112K
  class space    used 4429K, committed 4672K, reserved 1048576K
}
Event: 38.077 GC heap after
{Heap after GC invocations=12 (full 0):
 garbage-first heap   total 68608K, used 25712K [0x0000000083200000, 0x0000000100000000)
  region size 1024K, 3 young (3072K), 3 survivors (3072K)
 Metaspace       used 36438K, committed 36928K, reserved 1114112K
  class space    used 4429K, committed 4672K, reserved 1048576K
}
Event: 65.559 GC heap before
{Heap before GC invocations=12 (full 0):
 garbage-first heap   total 68608K, used 51312K [0x0000000083200000, 0x0000000100000000)
  region size 1024K, 29 young (29696K), 3 survivors (3072K)
 Metaspace       used 39838K, committed 40320K, reserved 1114112K
  class space    used 4817K, committed 5056K, reserved 1048576K
}
Event: 65.567 GC heap after
{Heap after GC invocations=13 (full 0):
 garbage-first heap   total 68608K, used 26488K [0x0000000083200000, 0x0000000100000000)
  region size 1024K, 2 young (2048K), 2 survivors (2048K)
 Metaspace       used 39838K, committed 40320K, reserved 1114112K
  class space    used 4817K, committed 5056K, reserved 1048576K
}

